[debug] [2025-04-04T03:34:41.808Z] ----------------------------------------------------------------------
[debug] [2025-04-04T03:34:41.810Z] Command:       /opt/homebrew/Cellar/node/23.7.0/bin/node /opt/homebrew/bin/firebase deploy --only functions:sendContactEmail
[debug] [2025-04-04T03:34:41.810Z] CLI Version:   13.35.1
[debug] [2025-04-04T03:34:41.810Z] Platform:      darwin
[debug] [2025-04-04T03:34:41.810Z] Node Version:  v23.7.0
[debug] [2025-04-04T03:34:41.810Z] Time:          Fri Apr 04 2025 11:34:41 GMT+0800 (Central Indonesia Time)
[debug] [2025-04-04T03:34:41.811Z] ----------------------------------------------------------------------
[debug] 
[debug] [2025-04-04T03:34:41.875Z] > command requires scopes: ["email","openid","https://www.googleapis.com/auth/cloudplatformprojects.readonly","https://www.googleapis.com/auth/firebase","https://www.googleapis.com/auth/cloud-platform"]
[debug] [2025-04-04T03:34:41.875Z] > authorizing via signed-in user (hcchaotic@gmail.com)
[debug] [2025-04-04T03:34:41.875Z] [iam] checking project missionmovement-9f4ac for permissions ["cloudfunctions.functions.create","cloudfunctions.functions.delete","cloudfunctions.functions.get","cloudfunctions.functions.list","cloudfunctions.functions.update","cloudfunctions.operations.get","firebase.projects.get"]
[debug] [2025-04-04T03:34:41.876Z] Checked if tokens are valid: true, expires at: 1743741141997
[debug] [2025-04-04T03:34:41.876Z] Checked if tokens are valid: true, expires at: 1743741141997
[debug] [2025-04-04T03:34:41.876Z] >>> [apiv2][query] POST https://cloudresourcemanager.googleapis.com/v1/projects/missionmovement-9f4ac:testIamPermissions [none]
[debug] [2025-04-04T03:34:41.876Z] >>> [apiv2][(partial)header] POST https://cloudresourcemanager.googleapis.com/v1/projects/missionmovement-9f4ac:testIamPermissions x-goog-quota-user=projects/missionmovement-9f4ac
[debug] [2025-04-04T03:34:41.876Z] >>> [apiv2][body] POST https://cloudresourcemanager.googleapis.com/v1/projects/missionmovement-9f4ac:testIamPermissions {"permissions":["cloudfunctions.functions.create","cloudfunctions.functions.delete","cloudfunctions.functions.get","cloudfunctions.functions.list","cloudfunctions.functions.update","cloudfunctions.operations.get","firebase.projects.get"]}
[debug] [2025-04-04T03:34:42.980Z] <<< [apiv2][status] POST https://cloudresourcemanager.googleapis.com/v1/projects/missionmovement-9f4ac:testIamPermissions 200
[debug] [2025-04-04T03:34:42.980Z] <<< [apiv2][body] POST https://cloudresourcemanager.googleapis.com/v1/projects/missionmovement-9f4ac:testIamPermissions {"permissions":["cloudfunctions.functions.create","cloudfunctions.functions.delete","cloudfunctions.functions.get","cloudfunctions.functions.list","cloudfunctions.functions.update","cloudfunctions.operations.get","firebase.projects.get"]}
[debug] [2025-04-04T03:34:42.981Z] Checked if tokens are valid: true, expires at: 1743741141997
[debug] [2025-04-04T03:34:42.981Z] Checked if tokens are valid: true, expires at: 1743741141997
[debug] [2025-04-04T03:34:42.981Z] >>> [apiv2][query] POST https://iam.googleapis.com/v1/projects/missionmovement-9f4ac/serviceAccounts/missionmovement-9f4ac@appspot.gserviceaccount.com:testIamPermissions [none]
[debug] [2025-04-04T03:34:42.981Z] >>> [apiv2][body] POST https://iam.googleapis.com/v1/projects/missionmovement-9f4ac/serviceAccounts/missionmovement-9f4ac@appspot.gserviceaccount.com:testIamPermissions {"permissions":["iam.serviceAccounts.actAs"]}
[debug] [2025-04-04T03:34:43.430Z] <<< [apiv2][status] POST https://iam.googleapis.com/v1/projects/missionmovement-9f4ac/serviceAccounts/missionmovement-9f4ac@appspot.gserviceaccount.com:testIamPermissions 200
[debug] [2025-04-04T03:34:43.430Z] <<< [apiv2][body] POST https://iam.googleapis.com/v1/projects/missionmovement-9f4ac/serviceAccounts/missionmovement-9f4ac@appspot.gserviceaccount.com:testIamPermissions {"permissions":["iam.serviceAccounts.actAs"]}
[info] 
[info] === Deploying to 'missionmovement-9f4ac'...
[info] 
[info] i  deploying functions 
[info] Running command: npm --prefix "$RESOURCE_DIR" run lint
[info] ✔  functions: Finished running predeploy script. 
[debug] [2025-04-04T03:34:44.888Z] Checked if tokens are valid: true, expires at: 1743741141997
[debug] [2025-04-04T03:34:44.888Z] Checked if tokens are valid: true, expires at: 1743741141997
[debug] [2025-04-04T03:34:44.888Z] >>> [apiv2][query] GET https://cloudresourcemanager.googleapis.com/v1/projects/missionmovement-9f4ac [none]
[debug] [2025-04-04T03:34:45.242Z] <<< [apiv2][status] GET https://cloudresourcemanager.googleapis.com/v1/projects/missionmovement-9f4ac 200
[debug] [2025-04-04T03:34:45.243Z] <<< [apiv2][body] GET https://cloudresourcemanager.googleapis.com/v1/projects/missionmovement-9f4ac {"projectNumber":"218934638353","projectId":"missionmovement-9f4ac","lifecycleState":"ACTIVE","name":"MissionMovement","labels":{"firebase":"enabled","firebase-core":"disabled"},"createTime":"2025-03-20T08:16:21.912233Z"}
[info] i  functions: preparing codebase default for deployment 
[info] i  functions: ensuring required API cloudfunctions.googleapis.com is enabled... 
[debug] [2025-04-04T03:34:45.245Z] Checked if tokens are valid: true, expires at: 1743741141997
[debug] [2025-04-04T03:34:45.245Z] Checked if tokens are valid: true, expires at: 1743741141997
[debug] [2025-04-04T03:34:45.245Z] Checked if tokens are valid: true, expires at: 1743741141997
[debug] [2025-04-04T03:34:45.245Z] Checked if tokens are valid: true, expires at: 1743741141997
[info] i  functions: ensuring required API cloudbuild.googleapis.com is enabled... 
[debug] [2025-04-04T03:34:45.245Z] Checked if tokens are valid: true, expires at: 1743741141997
[debug] [2025-04-04T03:34:45.245Z] Checked if tokens are valid: true, expires at: 1743741141997
[info] i  artifactregistry: ensuring required API artifactregistry.googleapis.com is enabled... 
[debug] [2025-04-04T03:34:45.245Z] Checked if tokens are valid: true, expires at: 1743741141997
[debug] [2025-04-04T03:34:45.245Z] Checked if tokens are valid: true, expires at: 1743741141997
[debug] [2025-04-04T03:34:45.245Z] >>> [apiv2][query] GET https://serviceusage.googleapis.com/v1/projects/missionmovement-9f4ac/services/cloudfunctions.googleapis.com [none]
[debug] [2025-04-04T03:34:45.246Z] >>> [apiv2][(partial)header] GET https://serviceusage.googleapis.com/v1/projects/missionmovement-9f4ac/services/cloudfunctions.googleapis.com x-goog-quota-user=projects/missionmovement-9f4ac
[debug] [2025-04-04T03:34:45.247Z] >>> [apiv2][query] GET https://serviceusage.googleapis.com/v1/projects/missionmovement-9f4ac/services/runtimeconfig.googleapis.com [none]
[debug] [2025-04-04T03:34:45.247Z] >>> [apiv2][(partial)header] GET https://serviceusage.googleapis.com/v1/projects/missionmovement-9f4ac/services/runtimeconfig.googleapis.com x-goog-quota-user=projects/missionmovement-9f4ac
[debug] [2025-04-04T03:34:45.248Z] >>> [apiv2][query] GET https://serviceusage.googleapis.com/v1/projects/missionmovement-9f4ac/services/cloudbuild.googleapis.com [none]
[debug] [2025-04-04T03:34:45.248Z] >>> [apiv2][(partial)header] GET https://serviceusage.googleapis.com/v1/projects/missionmovement-9f4ac/services/cloudbuild.googleapis.com x-goog-quota-user=projects/missionmovement-9f4ac
[debug] [2025-04-04T03:34:45.249Z] >>> [apiv2][query] GET https://serviceusage.googleapis.com/v1/projects/missionmovement-9f4ac/services/artifactregistry.googleapis.com [none]
[debug] [2025-04-04T03:34:45.249Z] >>> [apiv2][(partial)header] GET https://serviceusage.googleapis.com/v1/projects/missionmovement-9f4ac/services/artifactregistry.googleapis.com x-goog-quota-user=projects/missionmovement-9f4ac
[debug] [2025-04-04T03:34:46.804Z] <<< [apiv2][status] GET https://serviceusage.googleapis.com/v1/projects/missionmovement-9f4ac/services/cloudbuild.googleapis.com 200
[debug] [2025-04-04T03:34:46.805Z] <<< [apiv2][body] GET https://serviceusage.googleapis.com/v1/projects/missionmovement-9f4ac/services/cloudbuild.googleapis.com [omitted]
[info] ✔  functions: required API cloudbuild.googleapis.com is enabled 
[debug] [2025-04-04T03:34:46.806Z] <<< [apiv2][status] GET https://serviceusage.googleapis.com/v1/projects/missionmovement-9f4ac/services/runtimeconfig.googleapis.com 200
[debug] [2025-04-04T03:34:46.806Z] <<< [apiv2][body] GET https://serviceusage.googleapis.com/v1/projects/missionmovement-9f4ac/services/runtimeconfig.googleapis.com [omitted]
[debug] [2025-04-04T03:34:46.806Z] <<< [apiv2][status] GET https://serviceusage.googleapis.com/v1/projects/missionmovement-9f4ac/services/artifactregistry.googleapis.com 200
[debug] [2025-04-04T03:34:46.806Z] <<< [apiv2][body] GET https://serviceusage.googleapis.com/v1/projects/missionmovement-9f4ac/services/artifactregistry.googleapis.com [omitted]
[info] ✔  artifactregistry: required API artifactregistry.googleapis.com is enabled 
[debug] [2025-04-04T03:34:46.809Z] <<< [apiv2][status] GET https://serviceusage.googleapis.com/v1/projects/missionmovement-9f4ac/services/cloudfunctions.googleapis.com 200
[debug] [2025-04-04T03:34:46.809Z] <<< [apiv2][body] GET https://serviceusage.googleapis.com/v1/projects/missionmovement-9f4ac/services/cloudfunctions.googleapis.com [omitted]
[info] ✔  functions: required API cloudfunctions.googleapis.com is enabled 
[debug] [2025-04-04T03:34:46.809Z] Checked if tokens are valid: true, expires at: 1743741141997
[debug] [2025-04-04T03:34:46.809Z] Checked if tokens are valid: true, expires at: 1743741141997
[debug] [2025-04-04T03:34:46.809Z] >>> [apiv2][query] GET https://firebase.googleapis.com/v1beta1/projects/missionmovement-9f4ac/adminSdkConfig [none]
[debug] [2025-04-04T03:34:47.427Z] <<< [apiv2][status] GET https://firebase.googleapis.com/v1beta1/projects/missionmovement-9f4ac/adminSdkConfig 200
[debug] [2025-04-04T03:34:47.428Z] <<< [apiv2][body] GET https://firebase.googleapis.com/v1beta1/projects/missionmovement-9f4ac/adminSdkConfig {"projectId":"missionmovement-9f4ac","storageBucket":"missionmovement-9f4ac.firebasestorage.app"}
[debug] [2025-04-04T03:34:47.428Z] Checked if tokens are valid: true, expires at: 1743741141997
[debug] [2025-04-04T03:34:47.428Z] Checked if tokens are valid: true, expires at: 1743741141997
[debug] [2025-04-04T03:34:47.429Z] >>> [apiv2][query] GET https://runtimeconfig.googleapis.com/v1beta1/projects/missionmovement-9f4ac/configs [none]
[debug] [2025-04-04T03:34:48.598Z] <<< [apiv2][status] GET https://runtimeconfig.googleapis.com/v1beta1/projects/missionmovement-9f4ac/configs 200
[debug] [2025-04-04T03:34:48.598Z] <<< [apiv2][body] GET https://runtimeconfig.googleapis.com/v1beta1/projects/missionmovement-9f4ac/configs {"configs":[{"name":"projects/missionmovement-9f4ac/configs/outlook"}]}
[debug] [2025-04-04T03:34:48.599Z] Checked if tokens are valid: true, expires at: 1743741141997
[debug] [2025-04-04T03:34:48.599Z] Checked if tokens are valid: true, expires at: 1743741141997
[debug] [2025-04-04T03:34:48.599Z] >>> [apiv2][query] GET https://runtimeconfig.googleapis.com/v1beta1/projects/missionmovement-9f4ac/configs/outlook/variables [none]
[debug] [2025-04-04T03:34:49.655Z] <<< [apiv2][status] GET https://runtimeconfig.googleapis.com/v1beta1/projects/missionmovement-9f4ac/configs/outlook/variables 200
[debug] [2025-04-04T03:34:49.655Z] <<< [apiv2][body] GET https://runtimeconfig.googleapis.com/v1beta1/projects/missionmovement-9f4ac/configs/outlook/variables {"variables":[{"name":"projects/missionmovement-9f4ac/configs/outlook/variables/pass","updateTime":"2025-04-03T22:56:10.049064957Z"},{"name":"projects/missionmovement-9f4ac/configs/outlook/variables/user","updateTime":"2025-04-03T22:56:10.061508590Z"}]}
[debug] [2025-04-04T03:34:49.656Z] Checked if tokens are valid: true, expires at: 1743741141997
[debug] [2025-04-04T03:34:49.656Z] Checked if tokens are valid: true, expires at: 1743741141997
[debug] [2025-04-04T03:34:49.656Z] Checked if tokens are valid: true, expires at: 1743741141997
[debug] [2025-04-04T03:34:49.656Z] Checked if tokens are valid: true, expires at: 1743741141997
[debug] [2025-04-04T03:34:49.656Z] >>> [apiv2][query] GET https://runtimeconfig.googleapis.com/v1beta1/projects/missionmovement-9f4ac/configs/outlook/variables/pass [none]
[debug] [2025-04-04T03:34:49.657Z] >>> [apiv2][query] GET https://runtimeconfig.googleapis.com/v1beta1/projects/missionmovement-9f4ac/configs/outlook/variables/user [none]
[debug] [2025-04-04T03:34:50.727Z] <<< [apiv2][status] GET https://runtimeconfig.googleapis.com/v1beta1/projects/missionmovement-9f4ac/configs/outlook/variables/pass 200
[debug] [2025-04-04T03:34:50.727Z] <<< [apiv2][body] GET https://runtimeconfig.googleapis.com/v1beta1/projects/missionmovement-9f4ac/configs/outlook/variables/pass {"name":"projects/missionmovement-9f4ac/configs/outlook/variables/pass","updateTime":"2025-04-03T22:56:10.049064957Z","text":"ivtybgnwkvajdnuk"}
[debug] [2025-04-04T03:34:50.800Z] <<< [apiv2][status] GET https://runtimeconfig.googleapis.com/v1beta1/projects/missionmovement-9f4ac/configs/outlook/variables/user 200
[debug] [2025-04-04T03:34:50.800Z] <<< [apiv2][body] GET https://runtimeconfig.googleapis.com/v1beta1/projects/missionmovement-9f4ac/configs/outlook/variables/user {"name":"projects/missionmovement-9f4ac/configs/outlook/variables/user","updateTime":"2025-04-03T22:56:10.061508590Z","text":"mission.movement@outlook.com"}
[debug] [2025-04-04T03:34:50.802Z] Validating nodejs source
[warn] ⚠  functions: Runtime Node.js 18 will be deprecated on 2025-04-30 and will be decommissioned on 2025-10-31, after which you will not be able to deploy without upgrading. Consider upgrading now to avoid disruption. See https://cloud.google.com/functions/docs/runtime-support for full details on the lifecycle policy 
[debug] [2025-04-04T03:34:51.201Z] > [functions] package.json contents: {
  "name": "functions",
  "description": "Cloud Functions for Firebase",
  "scripts": {
    "lint": "eslint .",
    "serve": "firebase emulators:start --only functions",
    "shell": "firebase functions:shell",
    "start": "npm run shell",
    "deploy": "firebase deploy --only functions",
    "logs": "firebase functions:log"
  },
  "engines": {
    "node": "18"
  },
  "main": "index.js",
  "dependencies": {
    "cors": "^2.8.5",
    "dotenv": "^16.4.7",
    "firebase-admin": "^12.6.0",
    "firebase-functions": "^6.0.1",
    "nodemailer": "^6.10.0"
  },
  "devDependencies": {
    "eslint": "^8.15.0",
    "eslint-config-google": "^0.14.0",
    "firebase-functions-test": "^3.1.0"
  },
  "private": true
}
[debug] [2025-04-04T03:34:51.201Z] Building nodejs source
[info] i  functions: Loading and analyzing source code for codebase default to determine what to deploy 
[debug] [2025-04-04T03:34:51.202Z] Could not find functions.yaml. Must use http discovery
[debug] [2025-04-04T03:34:51.204Z] Found firebase-functions binary at '/Users/justinpeeters/Documents/programming/Missionmovement/functions/node_modules/.bin/firebase-functions'
[info] Serving at port 8771

[debug] [2025-04-04T03:34:51.447Z] Got response from /__/functions.yaml {"endpoints":{"sendContactEmail":{"availableMemoryMb":null,"timeoutSeconds":null,"minInstances":null,"maxInstances":null,"ingressSettings":null,"concurrency":null,"serviceAccountEmail":null,"vpc":null,"platform":"gcfv2","labels":{},"httpsTrigger":{},"entryPoint":"sendContactEmail"}},"specVersion":"v1alpha1","requiredAPIs":[],"extensions":{}}
[info] i  extensions: ensuring required API firebaseextensions.googleapis.com is enabled... 
[debug] [2025-04-04T03:34:55.467Z] Checked if tokens are valid: true, expires at: 1743741141997
[debug] [2025-04-04T03:34:55.467Z] Checked if tokens are valid: true, expires at: 1743741141997
[debug] [2025-04-04T03:34:55.467Z] >>> [apiv2][query] GET https://serviceusage.googleapis.com/v1/projects/missionmovement-9f4ac/services/firebaseextensions.googleapis.com [none]
[debug] [2025-04-04T03:34:55.467Z] >>> [apiv2][(partial)header] GET https://serviceusage.googleapis.com/v1/projects/missionmovement-9f4ac/services/firebaseextensions.googleapis.com x-goog-quota-user=projects/missionmovement-9f4ac
[debug] [2025-04-04T03:34:57.019Z] <<< [apiv2][status] GET https://serviceusage.googleapis.com/v1/projects/missionmovement-9f4ac/services/firebaseextensions.googleapis.com 200
[debug] [2025-04-04T03:34:57.019Z] <<< [apiv2][body] GET https://serviceusage.googleapis.com/v1/projects/missionmovement-9f4ac/services/firebaseextensions.googleapis.com [omitted]
[info] ✔  extensions: required API firebaseextensions.googleapis.com is enabled 
[debug] [2025-04-04T03:34:57.020Z] > command requires scopes: ["email","openid","https://www.googleapis.com/auth/cloudplatformprojects.readonly","https://www.googleapis.com/auth/firebase","https://www.googleapis.com/auth/cloud-platform"]
[debug] [2025-04-04T03:34:57.020Z] > authorizing via signed-in user (hcchaotic@gmail.com)
[debug] [2025-04-04T03:34:57.020Z] [iam] checking project missionmovement-9f4ac for permissions ["firebase.projects.get","firebaseextensions.instances.list"]
[debug] [2025-04-04T03:34:57.020Z] Checked if tokens are valid: true, expires at: 1743741141997
[debug] [2025-04-04T03:34:57.020Z] Checked if tokens are valid: true, expires at: 1743741141997
[debug] [2025-04-04T03:34:57.020Z] >>> [apiv2][query] POST https://cloudresourcemanager.googleapis.com/v1/projects/missionmovement-9f4ac:testIamPermissions [none]
[debug] [2025-04-04T03:34:57.020Z] >>> [apiv2][(partial)header] POST https://cloudresourcemanager.googleapis.com/v1/projects/missionmovement-9f4ac:testIamPermissions x-goog-quota-user=projects/missionmovement-9f4ac
[debug] [2025-04-04T03:34:57.020Z] >>> [apiv2][body] POST https://cloudresourcemanager.googleapis.com/v1/projects/missionmovement-9f4ac:testIamPermissions {"permissions":["firebase.projects.get","firebaseextensions.instances.list"]}
[debug] [2025-04-04T03:34:58.135Z] <<< [apiv2][status] POST https://cloudresourcemanager.googleapis.com/v1/projects/missionmovement-9f4ac:testIamPermissions 200
[debug] [2025-04-04T03:34:58.135Z] <<< [apiv2][body] POST https://cloudresourcemanager.googleapis.com/v1/projects/missionmovement-9f4ac:testIamPermissions {"permissions":["firebase.projects.get","firebaseextensions.instances.list"]}
[debug] [2025-04-04T03:34:58.136Z] Checked if tokens are valid: true, expires at: 1743741141997
[debug] [2025-04-04T03:34:58.136Z] Checked if tokens are valid: true, expires at: 1743741141997
[debug] [2025-04-04T03:34:58.136Z] >>> [apiv2][query] GET https://firebaseextensions.googleapis.com/v1beta/projects/missionmovement-9f4ac/instances pageSize=100&pageToken=
[debug] [2025-04-04T03:34:59.476Z] <<< [apiv2][status] GET https://firebaseextensions.googleapis.com/v1beta/projects/missionmovement-9f4ac/instances 200
[debug] [2025-04-04T03:34:59.476Z] <<< [apiv2][body] GET https://firebaseextensions.googleapis.com/v1beta/projects/missionmovement-9f4ac/instances {}
[info] i  functions: preparing functions directory for uploading... 
[info] i  functions: packaged /Users/justinpeeters/Documents/programming/Missionmovement/functions (72.97 KB) for uploading 
[debug] [2025-04-04T03:34:59.510Z] Checked if tokens are valid: true, expires at: 1743741141997
[debug] [2025-04-04T03:34:59.510Z] Checked if tokens are valid: true, expires at: 1743741141997
[debug] [2025-04-04T03:34:59.510Z] >>> [apiv2][query] GET https://cloudfunctions.googleapis.com/v1/projects/missionmovement-9f4ac/locations/-/functions [none]
[debug] [2025-04-04T03:35:00.394Z] <<< [apiv2][status] GET https://cloudfunctions.googleapis.com/v1/projects/missionmovement-9f4ac/locations/-/functions 200
[debug] [2025-04-04T03:35:00.394Z] <<< [apiv2][body] GET https://cloudfunctions.googleapis.com/v1/projects/missionmovement-9f4ac/locations/-/functions {}
[debug] [2025-04-04T03:35:00.395Z] Checked if tokens are valid: true, expires at: 1743741141997
[debug] [2025-04-04T03:35:00.395Z] Checked if tokens are valid: true, expires at: 1743741141997
[debug] [2025-04-04T03:35:00.395Z] >>> [apiv2][query] GET https://cloudfunctions.googleapis.com/v2/projects/missionmovement-9f4ac/locations/-/functions filter=environment%3D%22GEN_2%22
[debug] [2025-04-04T03:35:02.028Z] <<< [apiv2][status] GET https://cloudfunctions.googleapis.com/v2/projects/missionmovement-9f4ac/locations/-/functions 200
[debug] [2025-04-04T03:35:02.028Z] <<< [apiv2][body] GET https://cloudfunctions.googleapis.com/v2/projects/missionmovement-9f4ac/locations/-/functions {}
[info] i  functions: ensuring required API run.googleapis.com is enabled... 
[debug] [2025-04-04T03:35:02.031Z] Checked if tokens are valid: true, expires at: 1743741141997
[debug] [2025-04-04T03:35:02.031Z] Checked if tokens are valid: true, expires at: 1743741141997
[info] i  functions: ensuring required API eventarc.googleapis.com is enabled... 
[debug] [2025-04-04T03:35:02.031Z] Checked if tokens are valid: true, expires at: 1743741141997
[debug] [2025-04-04T03:35:02.031Z] Checked if tokens are valid: true, expires at: 1743741141997
[info] i  functions: ensuring required API pubsub.googleapis.com is enabled... 
[debug] [2025-04-04T03:35:02.031Z] Checked if tokens are valid: true, expires at: 1743741141997
[debug] [2025-04-04T03:35:02.031Z] Checked if tokens are valid: true, expires at: 1743741141997
[info] i  functions: ensuring required API storage.googleapis.com is enabled... 
[debug] [2025-04-04T03:35:02.031Z] Checked if tokens are valid: true, expires at: 1743741141997
[debug] [2025-04-04T03:35:02.031Z] Checked if tokens are valid: true, expires at: 1743741141997
[debug] [2025-04-04T03:35:02.031Z] >>> [apiv2][query] GET https://serviceusage.googleapis.com/v1/projects/missionmovement-9f4ac/services/run.googleapis.com [none]
[debug] [2025-04-04T03:35:02.031Z] >>> [apiv2][(partial)header] GET https://serviceusage.googleapis.com/v1/projects/missionmovement-9f4ac/services/run.googleapis.com x-goog-quota-user=projects/missionmovement-9f4ac
[debug] [2025-04-04T03:35:02.033Z] >>> [apiv2][query] GET https://serviceusage.googleapis.com/v1/projects/missionmovement-9f4ac/services/eventarc.googleapis.com [none]
[debug] [2025-04-04T03:35:02.033Z] >>> [apiv2][(partial)header] GET https://serviceusage.googleapis.com/v1/projects/missionmovement-9f4ac/services/eventarc.googleapis.com x-goog-quota-user=projects/missionmovement-9f4ac
[debug] [2025-04-04T03:35:02.033Z] >>> [apiv2][query] GET https://serviceusage.googleapis.com/v1/projects/missionmovement-9f4ac/services/pubsub.googleapis.com [none]
[debug] [2025-04-04T03:35:02.034Z] >>> [apiv2][(partial)header] GET https://serviceusage.googleapis.com/v1/projects/missionmovement-9f4ac/services/pubsub.googleapis.com x-goog-quota-user=projects/missionmovement-9f4ac
[debug] [2025-04-04T03:35:02.034Z] >>> [apiv2][query] GET https://serviceusage.googleapis.com/v1/projects/missionmovement-9f4ac/services/storage.googleapis.com [none]
[debug] [2025-04-04T03:35:02.034Z] >>> [apiv2][(partial)header] GET https://serviceusage.googleapis.com/v1/projects/missionmovement-9f4ac/services/storage.googleapis.com x-goog-quota-user=projects/missionmovement-9f4ac
[debug] [2025-04-04T03:35:03.471Z] <<< [apiv2][status] GET https://serviceusage.googleapis.com/v1/projects/missionmovement-9f4ac/services/run.googleapis.com 200
[debug] [2025-04-04T03:35:03.471Z] <<< [apiv2][body] GET https://serviceusage.googleapis.com/v1/projects/missionmovement-9f4ac/services/run.googleapis.com [omitted]
[info] ✔  functions: required API run.googleapis.com is enabled 
[debug] [2025-04-04T03:35:03.480Z] <<< [apiv2][status] GET https://serviceusage.googleapis.com/v1/projects/missionmovement-9f4ac/services/eventarc.googleapis.com 200
[debug] [2025-04-04T03:35:03.480Z] <<< [apiv2][body] GET https://serviceusage.googleapis.com/v1/projects/missionmovement-9f4ac/services/eventarc.googleapis.com [omitted]
[info] ✔  functions: required API eventarc.googleapis.com is enabled 
[debug] [2025-04-04T03:35:03.481Z] <<< [apiv2][status] GET https://serviceusage.googleapis.com/v1/projects/missionmovement-9f4ac/services/pubsub.googleapis.com 200
[debug] [2025-04-04T03:35:03.481Z] <<< [apiv2][body] GET https://serviceusage.googleapis.com/v1/projects/missionmovement-9f4ac/services/pubsub.googleapis.com [omitted]
[info] ✔  functions: required API pubsub.googleapis.com is enabled 
[debug] [2025-04-04T03:35:03.508Z] <<< [apiv2][status] GET https://serviceusage.googleapis.com/v1/projects/missionmovement-9f4ac/services/storage.googleapis.com 200
[debug] [2025-04-04T03:35:03.508Z] <<< [apiv2][body] GET https://serviceusage.googleapis.com/v1/projects/missionmovement-9f4ac/services/storage.googleapis.com [omitted]
[info] ✔  functions: required API storage.googleapis.com is enabled 
[info] i  functions: generating the service identity for pubsub.googleapis.com... 
[debug] [2025-04-04T03:35:03.508Z] Checked if tokens are valid: true, expires at: 1743741141997
[debug] [2025-04-04T03:35:03.508Z] Checked if tokens are valid: true, expires at: 1743741141997
[info] i  functions: generating the service identity for eventarc.googleapis.com... 
[debug] [2025-04-04T03:35:03.508Z] Checked if tokens are valid: true, expires at: 1743741141997
[debug] [2025-04-04T03:35:03.508Z] Checked if tokens are valid: true, expires at: 1743741141997
[debug] [2025-04-04T03:35:03.509Z] >>> [apiv2][query] POST https://serviceusage.googleapis.com/v1beta1/projects/218934638353/services/pubsub.googleapis.com:generateServiceIdentity [none]
[debug] [2025-04-04T03:35:03.509Z] >>> [apiv2][query] POST https://serviceusage.googleapis.com/v1beta1/projects/218934638353/services/eventarc.googleapis.com:generateServiceIdentity [none]
[debug] [2025-04-04T03:35:03.938Z] <<< [apiv2][status] POST https://serviceusage.googleapis.com/v1beta1/projects/218934638353/services/eventarc.googleapis.com:generateServiceIdentity 200
[debug] [2025-04-04T03:35:03.938Z] <<< [apiv2][body] POST https://serviceusage.googleapis.com/v1beta1/projects/218934638353/services/eventarc.googleapis.com:generateServiceIdentity {"name":"operations/finished.DONE_OPERATION","done":true,"response":{"@type":"type.googleapis.com/google.api.serviceusage.v1beta1.ServiceIdentity","email":"service-218934638353@gcp-sa-eventarc.iam.gserviceaccount.com","uniqueId":"115074095205805400866"}}
[debug] [2025-04-04T03:35:04.926Z] <<< [apiv2][status] POST https://serviceusage.googleapis.com/v1beta1/projects/218934638353/services/pubsub.googleapis.com:generateServiceIdentity 200
[debug] [2025-04-04T03:35:04.926Z] <<< [apiv2][body] POST https://serviceusage.googleapis.com/v1beta1/projects/218934638353/services/pubsub.googleapis.com:generateServiceIdentity {"name":"operations/finished.DONE_OPERATION","done":true,"response":{"@type":"type.googleapis.com/google.api.serviceusage.v1beta1.ServiceIdentity","email":"service-218934638353@gcp-sa-pubsub.iam.gserviceaccount.com","uniqueId":"107747831057839941471"}}
[debug] [2025-04-04T03:35:04.928Z] Checked if tokens are valid: true, expires at: 1743741141997
[debug] [2025-04-04T03:35:04.928Z] Checked if tokens are valid: true, expires at: 1743741141997
[debug] [2025-04-04T03:35:04.928Z] >>> [apiv2][query] GET https://cloudresourcemanager.googleapis.com/v1/projects/missionmovement-9f4ac [none]
[debug] [2025-04-04T03:35:06.052Z] <<< [apiv2][status] GET https://cloudresourcemanager.googleapis.com/v1/projects/missionmovement-9f4ac 200
[debug] [2025-04-04T03:35:06.052Z] <<< [apiv2][body] GET https://cloudresourcemanager.googleapis.com/v1/projects/missionmovement-9f4ac {"projectNumber":"218934638353","projectId":"missionmovement-9f4ac","lifecycleState":"ACTIVE","name":"MissionMovement","labels":{"firebase":"enabled","firebase-core":"disabled"},"createTime":"2025-03-20T08:16:21.912233Z"}
[debug] [2025-04-04T03:35:06.054Z] Checked if tokens are valid: true, expires at: 1743741141997
[debug] [2025-04-04T03:35:06.054Z] Checked if tokens are valid: true, expires at: 1743741141997
[debug] [2025-04-04T03:35:06.054Z] >>> [apiv2][query] GET https://cloudbilling.googleapis.com/v1/projects/missionmovement-9f4ac/billingInfo [none]
[debug] [2025-04-04T03:35:06.414Z] <<< [apiv2][status] GET https://cloudbilling.googleapis.com/v1/projects/missionmovement-9f4ac/billingInfo 200
[debug] [2025-04-04T03:35:06.415Z] <<< [apiv2][body] GET https://cloudbilling.googleapis.com/v1/projects/missionmovement-9f4ac/billingInfo {"name":"projects/missionmovement-9f4ac/billingInfo","projectId":"missionmovement-9f4ac","billingAccountName":"billingAccounts/01042F-168BC8-8D0F82","billingEnabled":true}
[debug] [2025-04-04T03:35:06.416Z] [functions] found 1 new HTTP functions, testing setIamPolicy permission...
[debug] [2025-04-04T03:35:06.416Z] Checked if tokens are valid: true, expires at: 1743741141997
[debug] [2025-04-04T03:35:06.416Z] Checked if tokens are valid: true, expires at: 1743741141997
[debug] [2025-04-04T03:35:06.416Z] >>> [apiv2][query] POST https://cloudresourcemanager.googleapis.com/v1/projects/missionmovement-9f4ac:testIamPermissions [none]
[debug] [2025-04-04T03:35:06.416Z] >>> [apiv2][(partial)header] POST https://cloudresourcemanager.googleapis.com/v1/projects/missionmovement-9f4ac:testIamPermissions x-goog-quota-user=projects/missionmovement-9f4ac
[debug] [2025-04-04T03:35:06.416Z] >>> [apiv2][body] POST https://cloudresourcemanager.googleapis.com/v1/projects/missionmovement-9f4ac:testIamPermissions {"permissions":["cloudfunctions.functions.setIamPolicy"]}
[debug] [2025-04-04T03:35:06.639Z] <<< [apiv2][status] POST https://cloudresourcemanager.googleapis.com/v1/projects/missionmovement-9f4ac:testIamPermissions 200
[debug] [2025-04-04T03:35:06.639Z] <<< [apiv2][body] POST https://cloudresourcemanager.googleapis.com/v1/projects/missionmovement-9f4ac:testIamPermissions {"permissions":["cloudfunctions.functions.setIamPolicy"]}
[debug] [2025-04-04T03:35:06.639Z] [functions] found setIamPolicy permission, proceeding with deploy
[debug] [2025-04-04T03:35:06.640Z] Checked if tokens are valid: true, expires at: 1743741141997
[debug] [2025-04-04T03:35:06.640Z] Checked if tokens are valid: true, expires at: 1743741141997
[debug] [2025-04-04T03:35:06.640Z] >>> [apiv2][query] POST https://cloudfunctions.googleapis.com/v2/projects/missionmovement-9f4ac/locations/us-central1/functions:generateUploadUrl [none]
[debug] [2025-04-04T03:35:07.975Z] <<< [apiv2][status] POST https://cloudfunctions.googleapis.com/v2/projects/missionmovement-9f4ac/locations/us-central1/functions:generateUploadUrl 200
[debug] [2025-04-04T03:35:07.975Z] <<< [apiv2][body] POST https://cloudfunctions.googleapis.com/v2/projects/missionmovement-9f4ac/locations/us-central1/functions:generateUploadUrl {"uploadUrl":"https://storage.googleapis.com/gcf-v2-uploads-218934638353.us-central1.cloudfunctions.appspot.com/59111e1b-f689-4541-a56a-95ae4ef46967.zip?GoogleAccessId=service-218934638353@gcf-admin-robot.iam.gserviceaccount.com&Expires=1743739507&Signature=kDbIoWd7aFpCWOiHLlz6XknYuXjqgt2UpDQgJ7xgqdE9Yj%2FyWYyoOZjKazsVI6ERvDQbhmwXY2r7lhnOb9aQ4xGx6Qu5eW2IvG2VlRmIonIkZWhAF0jR2HMdZReUAgc7BQOnCIaYTibQ34PsQFVRUGMFDtJcBi2OrcOsAzQtqa01Rcq%2BSfp%2BjiO5zUyHLINPHUie%2FyxhHT9ZgWz1HoLbU54EoQunOJy2W6SocdGVsB9Y5WXzBszx6XT0BQ6mW3ciDnbQ2QUIwK9d%2FQlbdoHEckQoLRZozznJ0b8SAz6jWYEAcQAH9aEg3bAmQveUYNa59hMwZ3p4035qeIMGNq5Tvw%3D%3D","storageSource":{"bucket":"gcf-v2-uploads-218934638353.us-central1.cloudfunctions.appspot.com","object":"59111e1b-f689-4541-a56a-95ae4ef46967.zip"}}
[debug] [2025-04-04T03:35:07.976Z] >>> [apiv2][query] PUT https://storage.googleapis.com/gcf-v2-uploads-218934638353.us-central1.cloudfunctions.appspot.com/59111e1b-f689-4541-a56a-95ae4ef46967.zip GoogleAccessId=service-218934638353%40gcf-admin-robot.iam.gserviceaccount.com&Expires=1743739507&Signature=kDbIoWd7aFpCWOiHLlz6XknYuXjqgt2UpDQgJ7xgqdE9Yj%2FyWYyoOZjKazsVI6ERvDQbhmwXY2r7lhnOb9aQ4xGx6Qu5eW2IvG2VlRmIonIkZWhAF0jR2HMdZReUAgc7BQOnCIaYTibQ34PsQFVRUGMFDtJcBi2OrcOsAzQtqa01Rcq%2BSfp%2BjiO5zUyHLINPHUie%2FyxhHT9ZgWz1HoLbU54EoQunOJy2W6SocdGVsB9Y5WXzBszx6XT0BQ6mW3ciDnbQ2QUIwK9d%2FQlbdoHEckQoLRZozznJ0b8SAz6jWYEAcQAH9aEg3bAmQveUYNa59hMwZ3p4035qeIMGNq5Tvw%3D%3D
[debug] [2025-04-04T03:35:07.976Z] >>> [apiv2][body] PUT https://storage.googleapis.com/gcf-v2-uploads-218934638353.us-central1.cloudfunctions.appspot.com/59111e1b-f689-4541-a56a-95ae4ef46967.zip [stream]
[debug] [2025-04-04T03:35:08.896Z] <<< [apiv2][status] PUT https://storage.googleapis.com/gcf-v2-uploads-218934638353.us-central1.cloudfunctions.appspot.com/59111e1b-f689-4541-a56a-95ae4ef46967.zip 200
[debug] [2025-04-04T03:35:08.896Z] <<< [apiv2][body] PUT https://storage.googleapis.com/gcf-v2-uploads-218934638353.us-central1.cloudfunctions.appspot.com/59111e1b-f689-4541-a56a-95ae4ef46967.zip [omitted]
[info] ✔  functions: functions folder uploaded successfully 
[info] i  functions: creating Node.js 18 (2nd Gen) function sendContactEmail(us-central1)... 
[debug] [2025-04-04T03:35:08.900Z] Checked if tokens are valid: true, expires at: 1743741141997
[debug] [2025-04-04T03:35:08.900Z] Checked if tokens are valid: true, expires at: 1743741141997
[debug] [2025-04-04T03:35:08.900Z] >>> [apiv2][query] POST https://cloudfunctions.googleapis.com/v2/projects/missionmovement-9f4ac/locations/us-central1/functions functionId=sendContactEmail
[debug] [2025-04-04T03:35:08.900Z] >>> [apiv2][body] POST https://cloudfunctions.googleapis.com/v2/projects/missionmovement-9f4ac/locations/us-central1/functions {"name":"projects/missionmovement-9f4ac/locations/us-central1/functions/sendContactEmail","buildConfig":{"runtime":"nodejs18","entryPoint":"sendContactEmail","source":{"storageSource":{"bucket":"gcf-v2-uploads-218934638353.us-central1.cloudfunctions.appspot.com","object":"59111e1b-f689-4541-a56a-95ae4ef46967.zip"}},"environmentVariables":{"GOOGLE_NODE_RUN_SCRIPTS":""}},"serviceConfig":{"environmentVariables":{"FIREBASE_CONFIG":"{\"projectId\":\"missionmovement-9f4ac\",\"storageBucket\":\"missionmovement-9f4ac.firebasestorage.app\"}","GCLOUD_PROJECT":"missionmovement-9f4ac","EVENTARC_CLOUD_EVENT_SOURCE":"projects/missionmovement-9f4ac/locations/us-central1/services/sendContactEmail","FUNCTION_TARGET":"sendContactEmail","LOG_EXECUTION_ID":"true"},"ingressSettings":null,"timeoutSeconds":null,"serviceAccountEmail":null,"availableMemory":"256Mi","minInstanceCount":null,"maxInstanceCount":null,"maxInstanceRequestConcurrency":80,"availableCpu":"1","vpcConnector":null,"vpcConnectorEgressSettings":null},"labels":{"deployment-tool":"cli-firebase","firebase-functions-hash":"c2d38511b461f7d724cb49710ef059a6be45f922"}}
[debug] [2025-04-04T03:35:10.725Z] <<< [apiv2][status] POST https://cloudfunctions.googleapis.com/v2/projects/missionmovement-9f4ac/locations/us-central1/functions 200
[debug] [2025-04-04T03:35:10.725Z] <<< [apiv2][body] POST https://cloudfunctions.googleapis.com/v2/projects/missionmovement-9f4ac/locations/us-central1/functions {"name":"projects/missionmovement-9f4ac/locations/us-central1/operations/operation-1743737710113-631eb92caf307-cbe6b751-79570792","metadata":{"@type":"type.googleapis.com/google.cloud.functions.v2.OperationMetadata","createTime":"2025-04-04T03:35:10.611740037Z","target":"projects/missionmovement-9f4ac/locations/us-central1/functions/sendContactEmail","verb":"create","cancelRequested":false,"apiVersion":"v2"},"done":false}
[debug] [2025-04-04T03:35:10.726Z] Checked if tokens are valid: true, expires at: 1743741141997
[debug] [2025-04-04T03:35:10.726Z] Checked if tokens are valid: true, expires at: 1743741141997
[debug] [2025-04-04T03:35:10.727Z] >>> [apiv2][query] GET https://cloudfunctions.googleapis.com/v2/projects/missionmovement-9f4ac/locations/us-central1/operations/operation-1743737710113-631eb92caf307-cbe6b751-79570792 [none]
[debug] [2025-04-04T03:35:12.036Z] <<< [apiv2][status] GET https://cloudfunctions.googleapis.com/v2/projects/missionmovement-9f4ac/locations/us-central1/operations/operation-1743737710113-631eb92caf307-cbe6b751-79570792 200
[debug] [2025-04-04T03:35:12.036Z] <<< [apiv2][body] GET https://cloudfunctions.googleapis.com/v2/projects/missionmovement-9f4ac/locations/us-central1/operations/operation-1743737710113-631eb92caf307-cbe6b751-79570792 {"name":"projects/missionmovement-9f4ac/locations/us-central1/operations/operation-1743737710113-631eb92caf307-cbe6b751-79570792","metadata":{"@type":"type.googleapis.com/google.cloud.functions.v2.OperationMetadata","createTime":"2025-04-04T03:35:10.611740037Z","target":"projects/missionmovement-9f4ac/locations/us-central1/functions/sendContactEmail","verb":"create","cancelRequested":false,"apiVersion":"v2","requestResource":{"@type":"type.googleapis.com/google.cloud.functions.v2.Function","name":"projects/missionmovement-9f4ac/locations/us-central1/functions/sendContactEmail","buildConfig":{"runtime":"nodejs18","entryPoint":"sendContactEmail","source":{"storageSource":{"bucket":"gcf-v2-sources-218934638353-us-central1","object":"sendContactEmail/function-source.zip","generation":"1743737710380478"}},"environmentVariables":{"GOOGLE_NODE_RUN_SCRIPTS":""},"serviceAccount":"projects/missionmovement-9f4ac/serviceAccounts/218934638353-compute@developer.gserviceaccount.com","automaticUpdatePolicy":{}},"serviceConfig":{"service":"projects/missionmovement-9f4ac/locations/us-central1/services/sendcontactemail","timeoutSeconds":60,"environmentVariables":{"FIREBASE_CONFIG":"{\"projectId\":\"missionmovement-9f4ac\",\"storageBucket\":\"missionmovement-9f4ac.firebasestorage.app\"}","GCLOUD_PROJECT":"missionmovement-9f4ac","EVENTARC_CLOUD_EVENT_SOURCE":"projects/missionmovement-9f4ac/locations/us-central1/services/sendContactEmail","FUNCTION_TARGET":"sendContactEmail","LOG_EXECUTION_ID":"true"},"ingressSettings":"ALLOW_ALL","serviceAccountEmail":"218934638353-compute@developer.gserviceaccount.com","availableMemory":"256Mi","maxInstanceRequestConcurrency":80,"availableCpu":"1"},"labels":{"deployment-tool":"cli-firebase","firebase-functions-hash":"c2d38511b461f7d724cb49710ef059a6be45f922"},"environment":"GEN_2"},"stages":[{"name":"BUILD","message":"Build in progress","state":"IN_PROGRESS","resource":"projects/218934638353/locations/us-central1/builds/aaeedb1d-71c9-48a5-9178-38c8d16bff3c","resourceUri":"https://console.cloud.google.com/cloud-build/builds;region=us-central1/aaeedb1d-71c9-48a5-9178-38c8d16bff3c?project=218934638353"},{"name":"SERVICE","state":"NOT_STARTED"}],"operationType":"CREATE_FUNCTION","buildName":"projects/218934638353/locations/us-central1/builds/aaeedb1d-71c9-48a5-9178-38c8d16bff3c"},"done":false}
[debug] [2025-04-04T03:35:12.538Z] [create-default-us-central1-sendContactEmail] Retrying task index 0
[debug] [2025-04-04T03:35:12.538Z] Checked if tokens are valid: true, expires at: 1743741141997
[debug] [2025-04-04T03:35:12.538Z] Checked if tokens are valid: true, expires at: 1743741141997
[debug] [2025-04-04T03:35:12.538Z] >>> [apiv2][query] GET https://cloudfunctions.googleapis.com/v2/projects/missionmovement-9f4ac/locations/us-central1/operations/operation-1743737710113-631eb92caf307-cbe6b751-79570792 [none]
[debug] [2025-04-04T03:35:13.792Z] <<< [apiv2][status] GET https://cloudfunctions.googleapis.com/v2/projects/missionmovement-9f4ac/locations/us-central1/operations/operation-1743737710113-631eb92caf307-cbe6b751-79570792 200
[debug] [2025-04-04T03:35:13.792Z] <<< [apiv2][body] GET https://cloudfunctions.googleapis.com/v2/projects/missionmovement-9f4ac/locations/us-central1/operations/operation-1743737710113-631eb92caf307-cbe6b751-79570792 {"name":"projects/missionmovement-9f4ac/locations/us-central1/operations/operation-1743737710113-631eb92caf307-cbe6b751-79570792","metadata":{"@type":"type.googleapis.com/google.cloud.functions.v2.OperationMetadata","createTime":"2025-04-04T03:35:10.611740037Z","target":"projects/missionmovement-9f4ac/locations/us-central1/functions/sendContactEmail","verb":"create","cancelRequested":false,"apiVersion":"v2","requestResource":{"@type":"type.googleapis.com/google.cloud.functions.v2.Function","name":"projects/missionmovement-9f4ac/locations/us-central1/functions/sendContactEmail","buildConfig":{"runtime":"nodejs18","entryPoint":"sendContactEmail","source":{"storageSource":{"bucket":"gcf-v2-sources-218934638353-us-central1","object":"sendContactEmail/function-source.zip","generation":"1743737710380478"}},"environmentVariables":{"GOOGLE_NODE_RUN_SCRIPTS":""},"serviceAccount":"projects/missionmovement-9f4ac/serviceAccounts/218934638353-compute@developer.gserviceaccount.com","automaticUpdatePolicy":{}},"serviceConfig":{"service":"projects/missionmovement-9f4ac/locations/us-central1/services/sendcontactemail","timeoutSeconds":60,"environmentVariables":{"FIREBASE_CONFIG":"{\"projectId\":\"missionmovement-9f4ac\",\"storageBucket\":\"missionmovement-9f4ac.firebasestorage.app\"}","GCLOUD_PROJECT":"missionmovement-9f4ac","EVENTARC_CLOUD_EVENT_SOURCE":"projects/missionmovement-9f4ac/locations/us-central1/services/sendContactEmail","FUNCTION_TARGET":"sendContactEmail","LOG_EXECUTION_ID":"true"},"ingressSettings":"ALLOW_ALL","serviceAccountEmail":"218934638353-compute@developer.gserviceaccount.com","availableMemory":"256Mi","maxInstanceRequestConcurrency":80,"availableCpu":"1"},"labels":{"deployment-tool":"cli-firebase","firebase-functions-hash":"c2d38511b461f7d724cb49710ef059a6be45f922"},"environment":"GEN_2"},"stages":[{"name":"BUILD","message":"Build in progress","state":"IN_PROGRESS","resource":"projects/218934638353/locations/us-central1/builds/aaeedb1d-71c9-48a5-9178-38c8d16bff3c","resourceUri":"https://console.cloud.google.com/cloud-build/builds;region=us-central1/aaeedb1d-71c9-48a5-9178-38c8d16bff3c?project=218934638353"},{"name":"SERVICE","state":"NOT_STARTED"}],"operationType":"CREATE_FUNCTION","buildName":"projects/218934638353/locations/us-central1/builds/aaeedb1d-71c9-48a5-9178-38c8d16bff3c"},"done":false}
[debug] [2025-04-04T03:35:14.792Z] [create-default-us-central1-sendContactEmail] Retrying task index 0
[debug] [2025-04-04T03:35:14.793Z] Checked if tokens are valid: true, expires at: 1743741141997
[debug] [2025-04-04T03:35:14.793Z] Checked if tokens are valid: true, expires at: 1743741141997
[debug] [2025-04-04T03:35:14.793Z] >>> [apiv2][query] GET https://cloudfunctions.googleapis.com/v2/projects/missionmovement-9f4ac/locations/us-central1/operations/operation-1743737710113-631eb92caf307-cbe6b751-79570792 [none]
[debug] [2025-04-04T03:35:16.036Z] <<< [apiv2][status] GET https://cloudfunctions.googleapis.com/v2/projects/missionmovement-9f4ac/locations/us-central1/operations/operation-1743737710113-631eb92caf307-cbe6b751-79570792 200
[debug] [2025-04-04T03:35:16.036Z] <<< [apiv2][body] GET https://cloudfunctions.googleapis.com/v2/projects/missionmovement-9f4ac/locations/us-central1/operations/operation-1743737710113-631eb92caf307-cbe6b751-79570792 {"name":"projects/missionmovement-9f4ac/locations/us-central1/operations/operation-1743737710113-631eb92caf307-cbe6b751-79570792","metadata":{"@type":"type.googleapis.com/google.cloud.functions.v2.OperationMetadata","createTime":"2025-04-04T03:35:10.611740037Z","target":"projects/missionmovement-9f4ac/locations/us-central1/functions/sendContactEmail","verb":"create","cancelRequested":false,"apiVersion":"v2","requestResource":{"@type":"type.googleapis.com/google.cloud.functions.v2.Function","name":"projects/missionmovement-9f4ac/locations/us-central1/functions/sendContactEmail","buildConfig":{"runtime":"nodejs18","entryPoint":"sendContactEmail","source":{"storageSource":{"bucket":"gcf-v2-sources-218934638353-us-central1","object":"sendContactEmail/function-source.zip","generation":"1743737710380478"}},"environmentVariables":{"GOOGLE_NODE_RUN_SCRIPTS":""},"serviceAccount":"projects/missionmovement-9f4ac/serviceAccounts/218934638353-compute@developer.gserviceaccount.com","automaticUpdatePolicy":{}},"serviceConfig":{"service":"projects/missionmovement-9f4ac/locations/us-central1/services/sendcontactemail","timeoutSeconds":60,"environmentVariables":{"FIREBASE_CONFIG":"{\"projectId\":\"missionmovement-9f4ac\",\"storageBucket\":\"missionmovement-9f4ac.firebasestorage.app\"}","GCLOUD_PROJECT":"missionmovement-9f4ac","EVENTARC_CLOUD_EVENT_SOURCE":"projects/missionmovement-9f4ac/locations/us-central1/services/sendContactEmail","FUNCTION_TARGET":"sendContactEmail","LOG_EXECUTION_ID":"true"},"ingressSettings":"ALLOW_ALL","serviceAccountEmail":"218934638353-compute@developer.gserviceaccount.com","availableMemory":"256Mi","maxInstanceRequestConcurrency":80,"availableCpu":"1"},"labels":{"deployment-tool":"cli-firebase","firebase-functions-hash":"c2d38511b461f7d724cb49710ef059a6be45f922"},"environment":"GEN_2"},"stages":[{"name":"BUILD","message":"Build in progress","state":"IN_PROGRESS","resource":"projects/218934638353/locations/us-central1/builds/aaeedb1d-71c9-48a5-9178-38c8d16bff3c","resourceUri":"https://console.cloud.google.com/cloud-build/builds;region=us-central1/aaeedb1d-71c9-48a5-9178-38c8d16bff3c?project=218934638353"},{"name":"SERVICE","state":"NOT_STARTED"}],"operationType":"CREATE_FUNCTION","buildName":"projects/218934638353/locations/us-central1/builds/aaeedb1d-71c9-48a5-9178-38c8d16bff3c"},"done":false}
[debug] [2025-04-04T03:35:18.037Z] [create-default-us-central1-sendContactEmail] Retrying task index 0
[debug] [2025-04-04T03:35:18.037Z] Checked if tokens are valid: true, expires at: 1743741141997
[debug] [2025-04-04T03:35:18.038Z] Checked if tokens are valid: true, expires at: 1743741141997
[debug] [2025-04-04T03:35:18.038Z] >>> [apiv2][query] GET https://cloudfunctions.googleapis.com/v2/projects/missionmovement-9f4ac/locations/us-central1/operations/operation-1743737710113-631eb92caf307-cbe6b751-79570792 [none]
[debug] [2025-04-04T03:35:19.317Z] <<< [apiv2][status] GET https://cloudfunctions.googleapis.com/v2/projects/missionmovement-9f4ac/locations/us-central1/operations/operation-1743737710113-631eb92caf307-cbe6b751-79570792 200
[debug] [2025-04-04T03:35:19.317Z] <<< [apiv2][body] GET https://cloudfunctions.googleapis.com/v2/projects/missionmovement-9f4ac/locations/us-central1/operations/operation-1743737710113-631eb92caf307-cbe6b751-79570792 {"name":"projects/missionmovement-9f4ac/locations/us-central1/operations/operation-1743737710113-631eb92caf307-cbe6b751-79570792","metadata":{"@type":"type.googleapis.com/google.cloud.functions.v2.OperationMetadata","createTime":"2025-04-04T03:35:10.611740037Z","target":"projects/missionmovement-9f4ac/locations/us-central1/functions/sendContactEmail","verb":"create","cancelRequested":false,"apiVersion":"v2","requestResource":{"@type":"type.googleapis.com/google.cloud.functions.v2.Function","name":"projects/missionmovement-9f4ac/locations/us-central1/functions/sendContactEmail","buildConfig":{"runtime":"nodejs18","entryPoint":"sendContactEmail","source":{"storageSource":{"bucket":"gcf-v2-sources-218934638353-us-central1","object":"sendContactEmail/function-source.zip","generation":"1743737710380478"}},"environmentVariables":{"GOOGLE_NODE_RUN_SCRIPTS":""},"serviceAccount":"projects/missionmovement-9f4ac/serviceAccounts/218934638353-compute@developer.gserviceaccount.com","automaticUpdatePolicy":{}},"serviceConfig":{"service":"projects/missionmovement-9f4ac/locations/us-central1/services/sendcontactemail","timeoutSeconds":60,"environmentVariables":{"FIREBASE_CONFIG":"{\"projectId\":\"missionmovement-9f4ac\",\"storageBucket\":\"missionmovement-9f4ac.firebasestorage.app\"}","GCLOUD_PROJECT":"missionmovement-9f4ac","EVENTARC_CLOUD_EVENT_SOURCE":"projects/missionmovement-9f4ac/locations/us-central1/services/sendContactEmail","FUNCTION_TARGET":"sendContactEmail","LOG_EXECUTION_ID":"true"},"ingressSettings":"ALLOW_ALL","serviceAccountEmail":"218934638353-compute@developer.gserviceaccount.com","availableMemory":"256Mi","maxInstanceRequestConcurrency":80,"availableCpu":"1"},"labels":{"deployment-tool":"cli-firebase","firebase-functions-hash":"c2d38511b461f7d724cb49710ef059a6be45f922"},"environment":"GEN_2"},"stages":[{"name":"BUILD","message":"Build in progress","state":"IN_PROGRESS","resource":"projects/218934638353/locations/us-central1/builds/aaeedb1d-71c9-48a5-9178-38c8d16bff3c","resourceUri":"https://console.cloud.google.com/cloud-build/builds;region=us-central1/aaeedb1d-71c9-48a5-9178-38c8d16bff3c?project=218934638353"},{"name":"SERVICE","state":"NOT_STARTED"}],"operationType":"CREATE_FUNCTION","buildName":"projects/218934638353/locations/us-central1/builds/aaeedb1d-71c9-48a5-9178-38c8d16bff3c"},"done":false}
[debug] [2025-04-04T03:35:23.319Z] [create-default-us-central1-sendContactEmail] Retrying task index 0
[debug] [2025-04-04T03:35:23.320Z] Checked if tokens are valid: true, expires at: 1743741141997
[debug] [2025-04-04T03:35:23.320Z] Checked if tokens are valid: true, expires at: 1743741141997
[debug] [2025-04-04T03:35:23.320Z] >>> [apiv2][query] GET https://cloudfunctions.googleapis.com/v2/projects/missionmovement-9f4ac/locations/us-central1/operations/operation-1743737710113-631eb92caf307-cbe6b751-79570792 [none]
[debug] [2025-04-04T03:35:24.567Z] <<< [apiv2][status] GET https://cloudfunctions.googleapis.com/v2/projects/missionmovement-9f4ac/locations/us-central1/operations/operation-1743737710113-631eb92caf307-cbe6b751-79570792 200
[debug] [2025-04-04T03:35:24.567Z] <<< [apiv2][body] GET https://cloudfunctions.googleapis.com/v2/projects/missionmovement-9f4ac/locations/us-central1/operations/operation-1743737710113-631eb92caf307-cbe6b751-79570792 {"name":"projects/missionmovement-9f4ac/locations/us-central1/operations/operation-1743737710113-631eb92caf307-cbe6b751-79570792","metadata":{"@type":"type.googleapis.com/google.cloud.functions.v2.OperationMetadata","createTime":"2025-04-04T03:35:10.611740037Z","target":"projects/missionmovement-9f4ac/locations/us-central1/functions/sendContactEmail","verb":"create","cancelRequested":false,"apiVersion":"v2","requestResource":{"@type":"type.googleapis.com/google.cloud.functions.v2.Function","name":"projects/missionmovement-9f4ac/locations/us-central1/functions/sendContactEmail","buildConfig":{"runtime":"nodejs18","entryPoint":"sendContactEmail","source":{"storageSource":{"bucket":"gcf-v2-sources-218934638353-us-central1","object":"sendContactEmail/function-source.zip","generation":"1743737710380478"}},"environmentVariables":{"GOOGLE_NODE_RUN_SCRIPTS":""},"serviceAccount":"projects/missionmovement-9f4ac/serviceAccounts/218934638353-compute@developer.gserviceaccount.com","automaticUpdatePolicy":{}},"serviceConfig":{"service":"projects/missionmovement-9f4ac/locations/us-central1/services/sendcontactemail","timeoutSeconds":60,"environmentVariables":{"FIREBASE_CONFIG":"{\"projectId\":\"missionmovement-9f4ac\",\"storageBucket\":\"missionmovement-9f4ac.firebasestorage.app\"}","GCLOUD_PROJECT":"missionmovement-9f4ac","EVENTARC_CLOUD_EVENT_SOURCE":"projects/missionmovement-9f4ac/locations/us-central1/services/sendContactEmail","FUNCTION_TARGET":"sendContactEmail","LOG_EXECUTION_ID":"true"},"ingressSettings":"ALLOW_ALL","serviceAccountEmail":"218934638353-compute@developer.gserviceaccount.com","availableMemory":"256Mi","maxInstanceRequestConcurrency":80,"availableCpu":"1"},"labels":{"deployment-tool":"cli-firebase","firebase-functions-hash":"c2d38511b461f7d724cb49710ef059a6be45f922"},"environment":"GEN_2"},"stages":[{"name":"BUILD","message":"Build in progress","state":"IN_PROGRESS","resource":"projects/218934638353/locations/us-central1/builds/aaeedb1d-71c9-48a5-9178-38c8d16bff3c","resourceUri":"https://console.cloud.google.com/cloud-build/builds;region=us-central1/aaeedb1d-71c9-48a5-9178-38c8d16bff3c?project=218934638353"},{"name":"SERVICE","state":"NOT_STARTED"}],"operationType":"CREATE_FUNCTION","buildName":"projects/218934638353/locations/us-central1/builds/aaeedb1d-71c9-48a5-9178-38c8d16bff3c"},"done":false}
[debug] [2025-04-04T03:35:32.568Z] [create-default-us-central1-sendContactEmail] Retrying task index 0
[debug] [2025-04-04T03:35:32.568Z] Checked if tokens are valid: true, expires at: 1743741141997
[debug] [2025-04-04T03:35:32.568Z] Checked if tokens are valid: true, expires at: 1743741141997
[debug] [2025-04-04T03:35:32.568Z] >>> [apiv2][query] GET https://cloudfunctions.googleapis.com/v2/projects/missionmovement-9f4ac/locations/us-central1/operations/operation-1743737710113-631eb92caf307-cbe6b751-79570792 [none]
[debug] [2025-04-04T03:35:33.911Z] <<< [apiv2][status] GET https://cloudfunctions.googleapis.com/v2/projects/missionmovement-9f4ac/locations/us-central1/operations/operation-1743737710113-631eb92caf307-cbe6b751-79570792 200
[debug] [2025-04-04T03:35:33.912Z] <<< [apiv2][body] GET https://cloudfunctions.googleapis.com/v2/projects/missionmovement-9f4ac/locations/us-central1/operations/operation-1743737710113-631eb92caf307-cbe6b751-79570792 {"name":"projects/missionmovement-9f4ac/locations/us-central1/operations/operation-1743737710113-631eb92caf307-cbe6b751-79570792","metadata":{"@type":"type.googleapis.com/google.cloud.functions.v2.OperationMetadata","createTime":"2025-04-04T03:35:10.611740037Z","target":"projects/missionmovement-9f4ac/locations/us-central1/functions/sendContactEmail","verb":"create","cancelRequested":false,"apiVersion":"v2","requestResource":{"@type":"type.googleapis.com/google.cloud.functions.v2.Function","name":"projects/missionmovement-9f4ac/locations/us-central1/functions/sendContactEmail","buildConfig":{"runtime":"nodejs18","entryPoint":"sendContactEmail","source":{"storageSource":{"bucket":"gcf-v2-sources-218934638353-us-central1","object":"sendContactEmail/function-source.zip","generation":"1743737710380478"}},"environmentVariables":{"GOOGLE_NODE_RUN_SCRIPTS":""},"serviceAccount":"projects/missionmovement-9f4ac/serviceAccounts/218934638353-compute@developer.gserviceaccount.com","automaticUpdatePolicy":{}},"serviceConfig":{"service":"projects/missionmovement-9f4ac/locations/us-central1/services/sendcontactemail","timeoutSeconds":60,"environmentVariables":{"FIREBASE_CONFIG":"{\"projectId\":\"missionmovement-9f4ac\",\"storageBucket\":\"missionmovement-9f4ac.firebasestorage.app\"}","GCLOUD_PROJECT":"missionmovement-9f4ac","EVENTARC_CLOUD_EVENT_SOURCE":"projects/missionmovement-9f4ac/locations/us-central1/services/sendContactEmail","FUNCTION_TARGET":"sendContactEmail","LOG_EXECUTION_ID":"true"},"ingressSettings":"ALLOW_ALL","serviceAccountEmail":"218934638353-compute@developer.gserviceaccount.com","availableMemory":"256Mi","maxInstanceRequestConcurrency":80,"availableCpu":"1"},"labels":{"deployment-tool":"cli-firebase","firebase-functions-hash":"c2d38511b461f7d724cb49710ef059a6be45f922"},"environment":"GEN_2"},"stages":[{"name":"BUILD","message":"Build in progress","state":"IN_PROGRESS","resource":"projects/218934638353/locations/us-central1/builds/aaeedb1d-71c9-48a5-9178-38c8d16bff3c","resourceUri":"https://console.cloud.google.com/cloud-build/builds;region=us-central1/aaeedb1d-71c9-48a5-9178-38c8d16bff3c?project=218934638353"},{"name":"SERVICE","state":"NOT_STARTED"}],"operationType":"CREATE_FUNCTION","buildName":"projects/218934638353/locations/us-central1/builds/aaeedb1d-71c9-48a5-9178-38c8d16bff3c"},"done":false}
[debug] [2025-04-04T03:35:43.913Z] [create-default-us-central1-sendContactEmail] Retrying task index 0
[debug] [2025-04-04T03:35:43.914Z] Checked if tokens are valid: true, expires at: 1743741141997
[debug] [2025-04-04T03:35:43.914Z] Checked if tokens are valid: true, expires at: 1743741141997
[debug] [2025-04-04T03:35:43.914Z] >>> [apiv2][query] GET https://cloudfunctions.googleapis.com/v2/projects/missionmovement-9f4ac/locations/us-central1/operations/operation-1743737710113-631eb92caf307-cbe6b751-79570792 [none]
[debug] [2025-04-04T03:35:45.252Z] <<< [apiv2][status] GET https://cloudfunctions.googleapis.com/v2/projects/missionmovement-9f4ac/locations/us-central1/operations/operation-1743737710113-631eb92caf307-cbe6b751-79570792 200
[debug] [2025-04-04T03:35:45.253Z] <<< [apiv2][body] GET https://cloudfunctions.googleapis.com/v2/projects/missionmovement-9f4ac/locations/us-central1/operations/operation-1743737710113-631eb92caf307-cbe6b751-79570792 {"name":"projects/missionmovement-9f4ac/locations/us-central1/operations/operation-1743737710113-631eb92caf307-cbe6b751-79570792","metadata":{"@type":"type.googleapis.com/google.cloud.functions.v2.OperationMetadata","createTime":"2025-04-04T03:35:10.611740037Z","target":"projects/missionmovement-9f4ac/locations/us-central1/functions/sendContactEmail","verb":"create","cancelRequested":false,"apiVersion":"v2","requestResource":{"@type":"type.googleapis.com/google.cloud.functions.v2.Function","name":"projects/missionmovement-9f4ac/locations/us-central1/functions/sendContactEmail","buildConfig":{"runtime":"nodejs18","entryPoint":"sendContactEmail","source":{"storageSource":{"bucket":"gcf-v2-sources-218934638353-us-central1","object":"sendContactEmail/function-source.zip","generation":"1743737710380478"}},"environmentVariables":{"GOOGLE_NODE_RUN_SCRIPTS":""},"serviceAccount":"projects/missionmovement-9f4ac/serviceAccounts/218934638353-compute@developer.gserviceaccount.com","automaticUpdatePolicy":{}},"serviceConfig":{"service":"projects/missionmovement-9f4ac/locations/us-central1/services/sendcontactemail","timeoutSeconds":60,"environmentVariables":{"FIREBASE_CONFIG":"{\"projectId\":\"missionmovement-9f4ac\",\"storageBucket\":\"missionmovement-9f4ac.firebasestorage.app\"}","GCLOUD_PROJECT":"missionmovement-9f4ac","EVENTARC_CLOUD_EVENT_SOURCE":"projects/missionmovement-9f4ac/locations/us-central1/services/sendContactEmail","FUNCTION_TARGET":"sendContactEmail","LOG_EXECUTION_ID":"true"},"ingressSettings":"ALLOW_ALL","serviceAccountEmail":"218934638353-compute@developer.gserviceaccount.com","availableMemory":"256Mi","maxInstanceRequestConcurrency":80,"availableCpu":"1"},"labels":{"deployment-tool":"cli-firebase","firebase-functions-hash":"c2d38511b461f7d724cb49710ef059a6be45f922"},"environment":"GEN_2"},"stages":[{"name":"BUILD","message":"Build in progress","state":"IN_PROGRESS","resource":"projects/218934638353/locations/us-central1/builds/aaeedb1d-71c9-48a5-9178-38c8d16bff3c","resourceUri":"https://console.cloud.google.com/cloud-build/builds;region=us-central1/aaeedb1d-71c9-48a5-9178-38c8d16bff3c?project=218934638353"},{"name":"SERVICE","state":"NOT_STARTED"}],"operationType":"CREATE_FUNCTION","buildName":"projects/218934638353/locations/us-central1/builds/aaeedb1d-71c9-48a5-9178-38c8d16bff3c"},"done":false}
[debug] [2025-04-04T03:35:55.255Z] [create-default-us-central1-sendContactEmail] Retrying task index 0
[debug] [2025-04-04T03:35:55.255Z] Checked if tokens are valid: true, expires at: 1743741141997
[debug] [2025-04-04T03:35:55.255Z] Checked if tokens are valid: true, expires at: 1743741141997
[debug] [2025-04-04T03:35:55.256Z] >>> [apiv2][query] GET https://cloudfunctions.googleapis.com/v2/projects/missionmovement-9f4ac/locations/us-central1/operations/operation-1743737710113-631eb92caf307-cbe6b751-79570792 [none]
[debug] [2025-04-04T03:35:56.593Z] <<< [apiv2][status] GET https://cloudfunctions.googleapis.com/v2/projects/missionmovement-9f4ac/locations/us-central1/operations/operation-1743737710113-631eb92caf307-cbe6b751-79570792 200
[debug] [2025-04-04T03:35:56.593Z] <<< [apiv2][body] GET https://cloudfunctions.googleapis.com/v2/projects/missionmovement-9f4ac/locations/us-central1/operations/operation-1743737710113-631eb92caf307-cbe6b751-79570792 {"name":"projects/missionmovement-9f4ac/locations/us-central1/operations/operation-1743737710113-631eb92caf307-cbe6b751-79570792","metadata":{"@type":"type.googleapis.com/google.cloud.functions.v2.OperationMetadata","createTime":"2025-04-04T03:35:10.611740037Z","target":"projects/missionmovement-9f4ac/locations/us-central1/functions/sendContactEmail","verb":"create","cancelRequested":false,"apiVersion":"v2","requestResource":{"@type":"type.googleapis.com/google.cloud.functions.v2.Function","name":"projects/missionmovement-9f4ac/locations/us-central1/functions/sendContactEmail","buildConfig":{"runtime":"nodejs18","entryPoint":"sendContactEmail","source":{"storageSource":{"bucket":"gcf-v2-sources-218934638353-us-central1","object":"sendContactEmail/function-source.zip","generation":"1743737710380478"}},"environmentVariables":{"GOOGLE_NODE_RUN_SCRIPTS":""},"serviceAccount":"projects/missionmovement-9f4ac/serviceAccounts/218934638353-compute@developer.gserviceaccount.com","automaticUpdatePolicy":{}},"serviceConfig":{"service":"projects/missionmovement-9f4ac/locations/us-central1/services/sendcontactemail","timeoutSeconds":60,"environmentVariables":{"FIREBASE_CONFIG":"{\"projectId\":\"missionmovement-9f4ac\",\"storageBucket\":\"missionmovement-9f4ac.firebasestorage.app\"}","GCLOUD_PROJECT":"missionmovement-9f4ac","EVENTARC_CLOUD_EVENT_SOURCE":"projects/missionmovement-9f4ac/locations/us-central1/services/sendContactEmail","FUNCTION_TARGET":"sendContactEmail","LOG_EXECUTION_ID":"true"},"ingressSettings":"ALLOW_ALL","serviceAccountEmail":"218934638353-compute@developer.gserviceaccount.com","availableMemory":"256Mi","maxInstanceRequestConcurrency":80,"availableCpu":"1"},"labels":{"deployment-tool":"cli-firebase","firebase-functions-hash":"c2d38511b461f7d724cb49710ef059a6be45f922"},"environment":"GEN_2"},"stages":[{"name":"BUILD","message":"Build in progress","state":"IN_PROGRESS","resource":"projects/218934638353/locations/us-central1/builds/aaeedb1d-71c9-48a5-9178-38c8d16bff3c","resourceUri":"https://console.cloud.google.com/cloud-build/builds;region=us-central1/aaeedb1d-71c9-48a5-9178-38c8d16bff3c?project=218934638353"},{"name":"SERVICE","state":"NOT_STARTED"}],"operationType":"CREATE_FUNCTION","buildName":"projects/218934638353/locations/us-central1/builds/aaeedb1d-71c9-48a5-9178-38c8d16bff3c"},"done":false}
[debug] [2025-04-04T03:36:06.595Z] [create-default-us-central1-sendContactEmail] Retrying task index 0
[debug] [2025-04-04T03:36:06.595Z] Checked if tokens are valid: true, expires at: 1743741141997
[debug] [2025-04-04T03:36:06.595Z] Checked if tokens are valid: true, expires at: 1743741141997
[debug] [2025-04-04T03:36:06.596Z] >>> [apiv2][query] GET https://cloudfunctions.googleapis.com/v2/projects/missionmovement-9f4ac/locations/us-central1/operations/operation-1743737710113-631eb92caf307-cbe6b751-79570792 [none]
[debug] [2025-04-04T03:36:07.995Z] <<< [apiv2][status] GET https://cloudfunctions.googleapis.com/v2/projects/missionmovement-9f4ac/locations/us-central1/operations/operation-1743737710113-631eb92caf307-cbe6b751-79570792 200
[debug] [2025-04-04T03:36:07.996Z] <<< [apiv2][body] GET https://cloudfunctions.googleapis.com/v2/projects/missionmovement-9f4ac/locations/us-central1/operations/operation-1743737710113-631eb92caf307-cbe6b751-79570792 {"name":"projects/missionmovement-9f4ac/locations/us-central1/operations/operation-1743737710113-631eb92caf307-cbe6b751-79570792","metadata":{"@type":"type.googleapis.com/google.cloud.functions.v2.OperationMetadata","createTime":"2025-04-04T03:35:10.611740037Z","target":"projects/missionmovement-9f4ac/locations/us-central1/functions/sendContactEmail","verb":"create","cancelRequested":false,"apiVersion":"v2","requestResource":{"@type":"type.googleapis.com/google.cloud.functions.v2.Function","name":"projects/missionmovement-9f4ac/locations/us-central1/functions/sendContactEmail","buildConfig":{"runtime":"nodejs18","entryPoint":"sendContactEmail","source":{"storageSource":{"bucket":"gcf-v2-sources-218934638353-us-central1","object":"sendContactEmail/function-source.zip","generation":"1743737710380478"}},"environmentVariables":{"GOOGLE_NODE_RUN_SCRIPTS":""},"serviceAccount":"projects/missionmovement-9f4ac/serviceAccounts/218934638353-compute@developer.gserviceaccount.com","automaticUpdatePolicy":{}},"serviceConfig":{"service":"projects/missionmovement-9f4ac/locations/us-central1/services/sendcontactemail","timeoutSeconds":60,"environmentVariables":{"FIREBASE_CONFIG":"{\"projectId\":\"missionmovement-9f4ac\",\"storageBucket\":\"missionmovement-9f4ac.firebasestorage.app\"}","GCLOUD_PROJECT":"missionmovement-9f4ac","EVENTARC_CLOUD_EVENT_SOURCE":"projects/missionmovement-9f4ac/locations/us-central1/services/sendContactEmail","FUNCTION_TARGET":"sendContactEmail","LOG_EXECUTION_ID":"true"},"ingressSettings":"ALLOW_ALL","serviceAccountEmail":"218934638353-compute@developer.gserviceaccount.com","availableMemory":"256Mi","maxInstanceRequestConcurrency":80,"availableCpu":"1"},"labels":{"deployment-tool":"cli-firebase","firebase-functions-hash":"c2d38511b461f7d724cb49710ef059a6be45f922"},"environment":"GEN_2"},"stages":[{"name":"BUILD","message":"Build finished","state":"COMPLETE","resource":"projects/218934638353/locations/us-central1/builds/aaeedb1d-71c9-48a5-9178-38c8d16bff3c","resourceUri":"https://console.cloud.google.com/cloud-build/builds;region=us-central1/aaeedb1d-71c9-48a5-9178-38c8d16bff3c?project=218934638353"},{"name":"SERVICE","message":"Creating Cloud Run service","state":"IN_PROGRESS","resource":"projects/missionmovement-9f4ac/locations/us-central1/services/sendcontactemail","resourceUri":"https://console.cloud.google.com/run/detail/us-central1/sendcontactemail?project=missionmovement-9f4ac"}],"sourceToken":"Cldwcm9qZWN0cy8yMTg5MzQ2MzgzNTMvbG9jYXRpb25zL3VzLWNlbnRyYWwxL2J1aWxkcy9hYWVlZGIxZC03MWM5LTQ4YTUtOTE3OC0zOGM4ZDE2YmZmM2MSgQF1cy1jZW50cmFsMS1kb2NrZXIucGtnLmRldi9taXNzaW9ubW92ZW1lbnQtOWY0YWMvZ2NmLWFydGlmYWN0cy9taXNzaW9ubW92ZW1lbnQtLTlmNGFjX191cy0tY2VudHJhbDFfX3NlbmRfY29udGFjdF9lbWFpbDp2ZXJzaW9uXzEYke6VzK8GIk9wcm9qZWN0cy9taXNzaW9ubW92ZW1lbnQtOWY0YWMvbG9jYXRpb25zL3VzLWNlbnRyYWwxL2Z1bmN0aW9ucy9zZW5kQ29udGFjdEVtYWlsKgwIoqe9vwYQyJacrgMyCG5vZGVqczE4OnYKI2djci5pby9nYWUtcnVudGltZXMvbm9kZWpzMTg6c3RhYmxlEk91cy1jZW50cmFsMS1kb2NrZXIucGtnLmRldi9zZXJ2ZXJsZXNzLXJ1bnRpbWVzL2dvb2dsZS0yMi1mdWxsL3J1bnRpbWVzL25vZGVqczE4QAE=","operationType":"CREATE_FUNCTION","buildName":"projects/218934638353/locations/us-central1/builds/aaeedb1d-71c9-48a5-9178-38c8d16bff3c"},"done":false}
[debug] [2025-04-04T03:36:07.996Z] Got source token Cldwcm9qZWN0cy8yMTg5MzQ2MzgzNTMvbG9jYXRpb25zL3VzLWNlbnRyYWwxL2J1aWxkcy9hYWVlZGIxZC03MWM5LTQ4YTUtOTE3OC0zOGM4ZDE2YmZmM2MSgQF1cy1jZW50cmFsMS1kb2NrZXIucGtnLmRldi9taXNzaW9ubW92ZW1lbnQtOWY0YWMvZ2NmLWFydGlmYWN0cy9taXNzaW9ubW92ZW1lbnQtLTlmNGFjX191cy0tY2VudHJhbDFfX3NlbmRfY29udGFjdF9lbWFpbDp2ZXJzaW9uXzEYke6VzK8GIk9wcm9qZWN0cy9taXNzaW9ubW92ZW1lbnQtOWY0YWMvbG9jYXRpb25zL3VzLWNlbnRyYWwxL2Z1bmN0aW9ucy9zZW5kQ29udGFjdEVtYWlsKgwIoqe9vwYQyJacrgMyCG5vZGVqczE4OnYKI2djci5pby9nYWUtcnVudGltZXMvbm9kZWpzMTg6c3RhYmxlEk91cy1jZW50cmFsMS1kb2NrZXIucGtnLmRldi9zZXJ2ZXJsZXNzLXJ1bnRpbWVzL2dvb2dsZS0yMi1mdWxsL3J1bnRpbWVzL25vZGVqczE4QAE= for region us-central1
[debug] [2025-04-04T03:36:17.998Z] [create-default-us-central1-sendContactEmail] Retrying task index 0
[debug] [2025-04-04T03:36:17.998Z] Checked if tokens are valid: true, expires at: 1743741141997
[debug] [2025-04-04T03:36:17.998Z] Checked if tokens are valid: true, expires at: 1743741141997
[debug] [2025-04-04T03:36:17.998Z] >>> [apiv2][query] GET https://cloudfunctions.googleapis.com/v2/projects/missionmovement-9f4ac/locations/us-central1/operations/operation-1743737710113-631eb92caf307-cbe6b751-79570792 [none]
[debug] [2025-04-04T03:36:19.453Z] <<< [apiv2][status] GET https://cloudfunctions.googleapis.com/v2/projects/missionmovement-9f4ac/locations/us-central1/operations/operation-1743737710113-631eb92caf307-cbe6b751-79570792 200
[debug] [2025-04-04T03:36:19.454Z] <<< [apiv2][body] GET https://cloudfunctions.googleapis.com/v2/projects/missionmovement-9f4ac/locations/us-central1/operations/operation-1743737710113-631eb92caf307-cbe6b751-79570792 {"name":"projects/missionmovement-9f4ac/locations/us-central1/operations/operation-1743737710113-631eb92caf307-cbe6b751-79570792","metadata":{"@type":"type.googleapis.com/google.cloud.functions.v2.OperationMetadata","createTime":"2025-04-04T03:35:10.611740037Z","endTime":"2025-04-04T03:36:11.813074969Z","target":"projects/missionmovement-9f4ac/locations/us-central1/functions/sendContactEmail","verb":"create","cancelRequested":false,"apiVersion":"v2","requestResource":{"@type":"type.googleapis.com/google.cloud.functions.v2.Function","name":"projects/missionmovement-9f4ac/locations/us-central1/functions/sendContactEmail","buildConfig":{"runtime":"nodejs18","entryPoint":"sendContactEmail","source":{"storageSource":{"bucket":"gcf-v2-sources-218934638353-us-central1","object":"sendContactEmail/function-source.zip","generation":"1743737710380478"}},"environmentVariables":{"GOOGLE_NODE_RUN_SCRIPTS":""},"serviceAccount":"projects/missionmovement-9f4ac/serviceAccounts/218934638353-compute@developer.gserviceaccount.com","automaticUpdatePolicy":{}},"serviceConfig":{"service":"projects/missionmovement-9f4ac/locations/us-central1/services/sendcontactemail","timeoutSeconds":60,"environmentVariables":{"FIREBASE_CONFIG":"{\"projectId\":\"missionmovement-9f4ac\",\"storageBucket\":\"missionmovement-9f4ac.firebasestorage.app\"}","GCLOUD_PROJECT":"missionmovement-9f4ac","EVENTARC_CLOUD_EVENT_SOURCE":"projects/missionmovement-9f4ac/locations/us-central1/services/sendContactEmail","FUNCTION_TARGET":"sendContactEmail","LOG_EXECUTION_ID":"true"},"ingressSettings":"ALLOW_ALL","serviceAccountEmail":"218934638353-compute@developer.gserviceaccount.com","availableMemory":"256Mi","maxInstanceRequestConcurrency":80,"availableCpu":"1"},"labels":{"deployment-tool":"cli-firebase","firebase-functions-hash":"c2d38511b461f7d724cb49710ef059a6be45f922"},"environment":"GEN_2"},"stages":[{"name":"ARTIFACT_REGISTRY","message":"Deleting function artifacts in Artifact Registry","state":"COMPLETE"},{"name":"SERVICE","message":"Deleting Cloud Run service","state":"COMPLETE","resource":"projects/missionmovement-9f4ac/locations/us-central1/services/sendcontactemail"}],"operationType":"CREATE_FUNCTION"},"done":true,"error":{"code":3,"message":"Could not create or update Cloud Run service sendcontactemail, Container Healthcheck failed. Revision 'sendcontactemail-00001-piz' is not ready and cannot serve traffic. The user-provided container failed to start and listen on the port defined provided by the PORT=8080 environment variable within the allocated timeout. This can happen when the container port is misconfigured or if the timeout is too short. The health check timeout can be extended. Logs for this revision might contain more information.\n\nLogs URL: https://console.cloud.google.com/logs/viewer?project=missionmovement-9f4ac&resource=cloud_run_revision/service_name/sendcontactemail/revision_name/sendcontactemail-00001-piz&advancedFilter=resource.type%3D%22cloud_run_revision%22%0Aresource.labels.service_name%3D%22sendcontactemail%22%0Aresource.labels.revision_name%3D%22sendcontactemail-00001-piz%22 \nFor more troubleshooting guidance, see https://cloud.google.com/run/docs/troubleshooting#container-failed-to-start"}}
[debug] [2025-04-04T03:36:19.454Z] Got source token undefined for region us-central1
[error] Could not create or update Cloud Run service sendcontactemail, Container Healthcheck failed. Revision 'sendcontactemail-00001-piz' is not ready and cannot serve traffic. The user-provided container failed to start and listen on the port defined provided by the PORT=8080 environment variable within the allocated timeout. This can happen when the container port is misconfigured or if the timeout is too short. The health check timeout can be extended. Logs for this revision might contain more information.

Logs URL: https://console.cloud.google.com/logs/viewer?project=missionmovement-9f4ac&resource=cloud_run_revision/service_name/sendcontactemail/revision_name/sendcontactemail-00001-piz&advancedFilter=resource.type%3D%22cloud_run_revision%22%0Aresource.labels.service_name%3D%22sendcontactemail%22%0Aresource.labels.revision_name%3D%22sendcontactemail-00001-piz%22 
For more troubleshooting guidance, see https://cloud.google.com/run/docs/troubleshooting#container-failed-to-start
[debug] [2025-04-04T03:36:19.461Z] Total Function Deployment time: 70556
[debug] [2025-04-04T03:36:19.462Z] 1 Functions Deployed
[debug] [2025-04-04T03:36:19.462Z] 1 Functions Errored
[debug] [2025-04-04T03:36:19.462Z] 0 Function Deployments Aborted
[debug] [2025-04-04T03:36:19.462Z] Average Function Deployment time: 70555
[info] 
[info] Functions deploy had errors with the following functions:
	sendContactEmail(us-central1)
[debug] [2025-04-04T03:36:19.576Z] Not printing URL for HTTPS function. Typically this means it didn't match a filter or we failed deployment
[info] i  functions: cleaning up build files... 
[debug] [2025-04-04T03:36:19.577Z] Checked if tokens are valid: true, expires at: 1743741141997
[debug] [2025-04-04T03:36:19.577Z] Checked if tokens are valid: true, expires at: 1743741141997
[debug] [2025-04-04T03:36:19.577Z] Checked if tokens are valid: true, expires at: 1743741141997
[debug] [2025-04-04T03:36:19.577Z] Checked if tokens are valid: true, expires at: 1743741141997
[debug] [2025-04-04T03:36:19.577Z] >>> [apiv2][query] DELETE https://artifactregistry.googleapis.com/v1/projects/missionmovement-9f4ac/locations/us-central1/repositories/gcf-artifacts/packages/missionmovement--9f4ac__us--central1__send_contact_email [none]
[debug] [2025-04-04T03:36:19.578Z] >>> [apiv2][query] GET https://us.gcr.io/v2/missionmovement-9f4ac/gcf/us-central1/tags/list [none]
[debug] [2025-04-04T03:36:19.939Z] <<< [apiv2][status] DELETE https://artifactregistry.googleapis.com/v1/projects/missionmovement-9f4ac/locations/us-central1/repositories/gcf-artifacts/packages/missionmovement--9f4ac__us--central1__send_contact_email 404
[debug] [2025-04-04T03:36:19.940Z] <<< [apiv2][body] DELETE https://artifactregistry.googleapis.com/v1/projects/missionmovement-9f4ac/locations/us-central1/repositories/gcf-artifacts/packages/missionmovement--9f4ac__us--central1__send_contact_email {"error":{"code":404,"message":"Package \"projects/missionmovement-9f4ac/locations/us-central1/repositories/gcf-artifacts/packages/missionmovement--9f4ac__us--central1__send_contact_email\" was not found.","status":"NOT_FOUND"}}
[debug] [2025-04-04T03:36:20.078Z] <<< [apiv2][status] GET https://us.gcr.io/v2/missionmovement-9f4ac/gcf/us-central1/tags/list 404
[debug] [2025-04-04T03:36:20.079Z] <<< [apiv2][body] GET https://us.gcr.io/v2/missionmovement-9f4ac/gcf/us-central1/tags/list {"errors":[{"code":"NAME_UNKNOWN","message":"Repository \"us.gcr.io\" not found"}]}
[debug] [2025-04-04T03:36:20.079Z] Failed docker command with error  Request to https://us.gcr.io/v2/missionmovement-9f4ac/gcf/us-central1/tags/list had HTTP Error: 404, Not Found {"name":"FirebaseError","children":[],"context":{"body":{"errors":[{"code":"NAME_UNKNOWN","message":"Repository \"us.gcr.io\" not found"}],"error":{"message":"Not Found"}},"response":{"statusCode":404}},"exit":1,"message":"Request to https://us.gcr.io/v2/missionmovement-9f4ac/gcf/us-central1/tags/list had HTTP Error: 404, Not Found","status":404}
[debug] [2025-04-04T03:36:20.081Z] Checked if tokens are valid: true, expires at: 1743741141997
[debug] [2025-04-04T03:36:20.081Z] Checked if tokens are valid: true, expires at: 1743741141997
[debug] [2025-04-04T03:36:20.081Z] >>> [apiv2][query] GET https://us.gcr.io/v2/missionmovement-9f4ac/gcf/us-central1/tags/list [none]
[debug] [2025-04-04T03:36:20.504Z] <<< [apiv2][status] GET https://us.gcr.io/v2/missionmovement-9f4ac/gcf/us-central1/tags/list 404
[debug] [2025-04-04T03:36:20.504Z] <<< [apiv2][body] GET https://us.gcr.io/v2/missionmovement-9f4ac/gcf/us-central1/tags/list {"errors":[{"code":"NAME_UNKNOWN","message":"Repository \"us.gcr.io\" not found"}]}
[debug] [2025-04-04T03:36:20.504Z] Failed docker command with error  Request to https://us.gcr.io/v2/missionmovement-9f4ac/gcf/us-central1/tags/list had HTTP Error: 404, Not Found {"name":"FirebaseError","children":[],"context":{"body":{"errors":[{"code":"NAME_UNKNOWN","message":"Repository \"us.gcr.io\" not found"}],"error":{"message":"Not Found"}},"response":{"statusCode":404}},"exit":1,"message":"Request to https://us.gcr.io/v2/missionmovement-9f4ac/gcf/us-central1/tags/list had HTTP Error: 404, Not Found","status":404}
[debug] [2025-04-04T03:36:20.604Z] Checked if tokens are valid: true, expires at: 1743741141997
[debug] [2025-04-04T03:36:20.605Z] Checked if tokens are valid: true, expires at: 1743741141997
[debug] [2025-04-04T03:36:20.605Z] >>> [apiv2][query] GET https://us.gcr.io/v2/missionmovement-9f4ac/gcf/us-central1/tags/list [none]
[debug] [2025-04-04T03:36:21.016Z] <<< [apiv2][status] GET https://us.gcr.io/v2/missionmovement-9f4ac/gcf/us-central1/tags/list 404
[debug] [2025-04-04T03:36:21.016Z] <<< [apiv2][body] GET https://us.gcr.io/v2/missionmovement-9f4ac/gcf/us-central1/tags/list {"errors":[{"code":"NAME_UNKNOWN","message":"Repository \"us.gcr.io\" not found"}]}
[debug] [2025-04-04T03:36:21.017Z] Failed docker command with error  Request to https://us.gcr.io/v2/missionmovement-9f4ac/gcf/us-central1/tags/list had HTTP Error: 404, Not Found {"name":"FirebaseError","children":[],"context":{"body":{"errors":[{"code":"NAME_UNKNOWN","message":"Repository \"us.gcr.io\" not found"}],"error":{"message":"Not Found"}},"response":{"statusCode":404}},"exit":1,"message":"Request to https://us.gcr.io/v2/missionmovement-9f4ac/gcf/us-central1/tags/list had HTTP Error: 404, Not Found","status":404}
[warn] ⚠  functions: Unhandled error cleaning up build images. This could result in a small monthly bill if not corrected. You can attempt to delete these images by redeploying or you can delete them manually at https://console.cloud.google.com/gcr/images/missionmovement-9f4ac/us/gcf 
[debug] [2025-04-04T03:36:21.017Z] Functions deploy failed.
[debug] [2025-04-04T03:36:21.017Z] {
  "endpoint": {
    "id": "sendContactEmail",
    "project": "missionmovement-9f4ac",
    "region": "us-central1",
    "entryPoint": "sendContactEmail",
    "platform": "gcfv2",
    "runtime": "nodejs18",
    "httpsTrigger": {},
    "labels": {
      "deployment-tool": "cli-firebase"
    },
    "ingressSettings": null,
    "availableMemoryMb": null,
    "serviceAccount": null,
    "timeoutSeconds": null,
    "maxInstances": null,
    "minInstances": null,
    "concurrency": 80,
    "vpc": null,
    "environmentVariables": {
      "FIREBASE_CONFIG": "{\"projectId\":\"missionmovement-9f4ac\",\"storageBucket\":\"missionmovement-9f4ac.firebasestorage.app\"}",
      "GCLOUD_PROJECT": "missionmovement-9f4ac",
      "EVENTARC_CLOUD_EVENT_SOURCE": "projects/missionmovement-9f4ac/locations/us-central1/services/sendContactEmail"
    },
    "codebase": "default",
    "cpu": 1,
    "targetedByOnly": true,
    "hash": "c2d38511b461f7d724cb49710ef059a6be45f922"
  },
  "op": "create",
  "original": {
    "name": "FirebaseError",
    "children": [],
    "exit": 1,
    "message": "Could not create or update Cloud Run service sendcontactemail, Container Healthcheck failed. Revision 'sendcontactemail-00001-piz' is not ready and cannot serve traffic. The user-provided container failed to start and listen on the port defined provided by the PORT=8080 environment variable within the allocated timeout. This can happen when the container port is misconfigured or if the timeout is too short. The health check timeout can be extended. Logs for this revision might contain more information.\n\nLogs URL: https://console.cloud.google.com/logs/viewer?project=missionmovement-9f4ac&resource=cloud_run_revision/service_name/sendcontactemail/revision_name/sendcontactemail-00001-piz&advancedFilter=resource.type%3D%22cloud_run_revision%22%0Aresource.labels.service_name%3D%22sendcontactemail%22%0Aresource.labels.revision_name%3D%22sendcontactemail-00001-piz%22 \nFor more troubleshooting guidance, see https://cloud.google.com/run/docs/troubleshooting#container-failed-to-start",
    "original": {
      "code": 3,
      "message": "Could not create or update Cloud Run service sendcontactemail, Container Healthcheck failed. Revision 'sendcontactemail-00001-piz' is not ready and cannot serve traffic. The user-provided container failed to start and listen on the port defined provided by the PORT=8080 environment variable within the allocated timeout. This can happen when the container port is misconfigured or if the timeout is too short. The health check timeout can be extended. Logs for this revision might contain more information.\n\nLogs URL: https://console.cloud.google.com/logs/viewer?project=missionmovement-9f4ac&resource=cloud_run_revision/service_name/sendcontactemail/revision_name/sendcontactemail-00001-piz&advancedFilter=resource.type%3D%22cloud_run_revision%22%0Aresource.labels.service_name%3D%22sendcontactemail%22%0Aresource.labels.revision_name%3D%22sendcontactemail-00001-piz%22 \nFor more troubleshooting guidance, see https://cloud.google.com/run/docs/troubleshooting#container-failed-to-start"
    },
    "status": 3,
    "code": 3
  }
}
[debug] [2025-04-04T03:36:21.055Z] Error: Failed to create function sendContactEmail in region us-central1
    at /opt/homebrew/lib/node_modules/firebase-tools/lib/deploy/functions/release/fabricator.js:294:27
    at process.processTicksAndRejections (node:internal/process/task_queues:105:5)
    at async Fabricator.createV2Function (/opt/homebrew/lib/node_modules/firebase-tools/lib/deploy/functions/release/fabricator.js:278:30)
    at async Fabricator.createEndpoint (/opt/homebrew/lib/node_modules/firebase-tools/lib/deploy/functions/release/fabricator.js:137:13)
    at async handle (/opt/homebrew/lib/node_modules/firebase-tools/lib/deploy/functions/release/fabricator.js:89:17)
[error] 
[error] Error: There was an error deploying functions
